[2021-05-07T18:34:06.031] [DEBUG] cheese - login => username:addd,password:dadaddadd
[2021-05-07T18:34:06.033] [DEBUG] cheese - addd
[2021-05-07T18:34:06.042] [DEBUG] cheese - null
[2021-05-07T18:34:06.043] [DEBUG] cheese - null
[2021-05-07T18:35:18.668] [DEBUG] cheese - login => username:cola,password:123456
[2021-05-07T18:35:18.668] [DEBUG] cheese - cola
[2021-05-07T18:35:18.671] [DEBUG] cheese - null
[2021-05-07T18:35:18.672] [DEBUG] cheese - null
[2021-05-07T18:35:25.949] [DEBUG] cheese - login => username:cola,password:1234567
[2021-05-07T18:35:25.949] [DEBUG] cheese - cola
[2021-05-07T18:35:25.950] [DEBUG] cheese - null
[2021-05-07T18:35:25.950] [DEBUG] cheese - null
[2021-05-07T18:35:28.795] [DEBUG] cheese - login => username:cola,password:1234567dddd
[2021-05-07T18:35:28.795] [DEBUG] cheese - cola
[2021-05-07T18:35:28.797] [DEBUG] cheese - null
[2021-05-07T18:35:28.797] [DEBUG] cheese - null
[2021-05-07T18:40:55.940] [DEBUG] cheese - login => username:dad,password:dddddddd
[2021-05-07T18:40:55.941] [DEBUG] cheese - dad
[2021-05-07T18:40:55.946] [DEBUG] cheese - null
[2021-05-07T18:40:55.946] [DEBUG] cheese - null
[2021-05-07T18:42:54.771] [DEBUG] cheese - login => username:admin,password:123456
[2021-05-07T18:42:54.771] [DEBUG] cheese - admin
[2021-05-07T18:42:54.775] [DEBUG] cheese - null
[2021-05-07T18:42:54.775] [DEBUG] cheese - null
[2021-05-07T18:42:58.059] [DEBUG] cheese - login => username:admin,password:12345666
[2021-05-07T18:42:58.059] [DEBUG] cheese - admin
[2021-05-07T18:42:58.061] [DEBUG] cheese - null
[2021-05-07T18:42:58.061] [DEBUG] cheese - null
[2021-05-07T18:47:38.966] [DEBUG] cheese - login => username:ddddd,password:ddddddddd
[2021-05-07T18:47:38.966] [DEBUG] cheese - ddddd
[2021-05-07T18:47:38.971] [DEBUG] cheese - null
[2021-05-07T18:47:38.971] [DEBUG] cheese - null
[2021-05-07T18:47:46.202] [DEBUG] cheese - login => username:ddddd,password:ddddddddd
[2021-05-07T18:47:46.202] [DEBUG] cheese - ddddd
[2021-05-07T18:47:46.205] [DEBUG] cheese - null
[2021-05-07T18:47:46.205] [DEBUG] cheese - null
[2021-05-07T18:47:49.110] [DEBUG] cheese - login => username:ddddd,password:ddddddddddd
[2021-05-07T18:47:49.110] [DEBUG] cheese - ddddd
[2021-05-07T18:47:49.111] [DEBUG] cheese - null
[2021-05-07T18:47:49.111] [DEBUG] cheese - null
[2021-05-07T18:48:17.124] [DEBUG] cheese - login => username:admin,password:123456
[2021-05-07T18:48:17.124] [DEBUG] cheese - admin
[2021-05-07T18:48:17.126] [DEBUG] cheese - null
[2021-05-07T18:48:17.126] [DEBUG] cheese - null
[2021-05-07T18:48:42.729] [DEBUG] cheese - login => username:admin,password:123456
[2021-05-07T18:48:42.729] [DEBUG] cheese - admin
[2021-05-07T18:48:42.734] [DEBUG] cheese - null
[2021-05-07T18:48:42.734] [DEBUG] cheese - null
[2021-05-07T18:52:58.738] [DEBUG] cheese - login => username:admin,password:123456
[2021-05-07T18:52:58.738] [DEBUG] cheese - admin
[2021-05-07T18:52:58.743] [DEBUG] cheese - null
[2021-05-07T18:52:58.743] [DEBUG] cheese - null
[2021-05-07T18:54:16.157] [DEBUG] cheese - login => username:admin,password:123456
[2021-05-07T18:54:16.157] [DEBUG] cheese - admin
[2021-05-07T18:54:16.158] [DEBUG] cheese - null
[2021-05-07T18:54:16.159] [DEBUG] cheese - null
[2021-05-07T18:55:30.271] [DEBUG] cheese - login => username:admin,password:123456
[2021-05-07T18:55:30.271] [DEBUG] cheese - admin
[2021-05-07T18:55:30.273] [DEBUG] cheese - null
[2021-05-07T18:55:30.273] [DEBUG] cheese - null
[2021-05-07T18:56:37.284] [DEBUG] cheese - login => username:admin,password:123456
[2021-05-07T18:56:37.284] [DEBUG] cheese - admin
[2021-05-07T18:56:37.286] [DEBUG] cheese - null
[2021-05-07T18:56:37.287] [DEBUG] cheese - null
[2021-05-07T18:56:46.306] [DEBUG] cheese - login => username:admin,password:123456
[2021-05-07T18:56:46.307] [DEBUG] cheese - admin
[2021-05-07T18:56:46.309] [DEBUG] cheese - null
[2021-05-07T18:56:46.309] [DEBUG] cheese - null
[2021-05-07T18:56:53.010] [DEBUG] cheese - login => username:admin,password:123456
[2021-05-07T18:56:53.010] [DEBUG] cheese - admin
[2021-05-07T18:56:53.011] [DEBUG] cheese - null
[2021-05-07T18:56:53.012] [DEBUG] cheese - null
[2021-05-07T18:59:31.437] [DEBUG] cheese - login => username:admin,password:123456
[2021-05-07T18:59:31.437] [DEBUG] cheese - admin
[2021-05-07T18:59:31.442] [DEBUG] cheese - null
[2021-05-07T18:59:31.442] [DEBUG] cheese - null
[2021-05-07T19:15:59.847] [DEBUG] cheese - login => username:admin,password:123456
[2021-05-07T19:15:59.847] [DEBUG] cheese - admin
[2021-05-07T19:15:59.852] [DEBUG] cheese - null
[2021-05-07T19:15:59.852] [DEBUG] cheese - null
[2021-05-07T19:18:30.856] [DEBUG] cheese - login => username:admin,password:123456
[2021-05-07T19:18:30.856] [DEBUG] cheese - admin
[2021-05-07T19:18:30.861] [DEBUG] cheese - null
[2021-05-07T19:18:30.861] [DEBUG] cheese - null
[2021-05-07T19:25:23.241] [DEBUG] cheese - login => username:admin,password:123456d
[2021-05-07T19:25:23.242] [DEBUG] cheese - admin
[2021-05-07T19:25:23.255] [DEBUG] cheese - null
[2021-05-07T19:25:23.255] [DEBUG] cheese - null
[2021-05-07T19:25:47.948] [DEBUG] cheese - login => username:admin,password:123456
[2021-05-07T19:25:47.948] [DEBUG] cheese - admin
[2021-05-07T19:25:47.951] [DEBUG] cheese - null
[2021-05-07T19:25:47.951] [DEBUG] cheese - null
[2021-05-07T19:29:23.074] [DEBUG] cheese - login => username:admin,password:123456
[2021-05-07T19:29:23.074] [DEBUG] cheese - admin
[2021-05-07T19:29:23.078] [DEBUG] cheese - null
[2021-05-07T19:29:23.078] [DEBUG] cheese - null
[2021-05-07T19:30:09.604] [DEBUG] cheese - login => username:admin,password:123456
[2021-05-07T19:30:09.604] [DEBUG] cheese - admin
[2021-05-07T19:30:09.607] [DEBUG] cheese - null
[2021-05-07T19:30:09.607] [DEBUG] cheese - null
[2021-05-07T19:30:14.107] [DEBUG] cheese - login => username:admin,password:123456
[2021-05-07T19:30:14.107] [DEBUG] cheese - admin
[2021-05-07T19:30:14.109] [DEBUG] cheese - null
[2021-05-07T19:30:14.109] [DEBUG] cheese - null
[2021-05-07T19:30:16.068] [DEBUG] cheese - login => username:admin,password:123456
[2021-05-07T19:30:16.068] [DEBUG] cheese - admin
[2021-05-07T19:30:16.071] [DEBUG] cheese - null
[2021-05-07T19:30:16.071] [DEBUG] cheese - null
[2021-05-07T19:40:32.585] [DEBUG] cheese - login => username:admin,password:123456
[2021-05-07T19:40:32.585] [DEBUG] cheese - admin
[2021-05-07T19:40:32.590] [DEBUG] cheese - null
[2021-05-07T19:40:32.590] [DEBUG] cheese - null
[2021-05-07T19:41:40.753] [DEBUG] cheese - login => username:admin,password:123456
[2021-05-07T19:41:40.753] [DEBUG] cheese - admin
[2021-05-07T19:41:40.755] [DEBUG] cheese - null
[2021-05-07T19:41:40.755] [DEBUG] cheese - null
[2021-05-07T19:41:51.150] [DEBUG] cheese - login => username:admin,password:123456
[2021-05-07T19:41:51.150] [DEBUG] cheese - admin
[2021-05-07T19:41:51.152] [DEBUG] cheese - null
[2021-05-07T19:41:51.152] [DEBUG] cheese - null
[2021-05-07T19:41:57.833] [DEBUG] cheese - login => username:admin,password:123456
[2021-05-07T19:41:57.833] [DEBUG] cheese - admin
[2021-05-07T19:41:57.835] [DEBUG] cheese - null
[2021-05-07T19:41:57.835] [DEBUG] cheese - null
[2021-05-07T20:02:22.273] [DEBUG] cheese - login => username:admin,password:123456
[2021-05-07T20:02:22.275] [DEBUG] cheese - admin
[2021-05-07T20:02:22.286] [DEBUG] cheese - null
[2021-05-07T20:02:22.286] [DEBUG] cheese - null
[2021-05-07T20:02:26.609] [DEBUG] cheese - login => username:admin,password:123456
[2021-05-07T20:02:26.609] [DEBUG] cheese - admin
[2021-05-07T20:02:26.612] [DEBUG] cheese - null
[2021-05-07T20:02:26.612] [DEBUG] cheese - null
[2021-05-07T20:03:36.054] [DEBUG] cheese - login => username:admin,password:123456
[2021-05-07T20:03:36.054] [DEBUG] cheese - admin
[2021-05-07T20:03:36.057] [DEBUG] cheese - null
[2021-05-07T20:03:36.057] [DEBUG] cheese - null
[2021-05-07T20:19:52.366] [DEBUG] cheese - login => username:admin,password:123456
[2021-05-07T20:19:52.366] [DEBUG] cheese - admin
[2021-05-07T20:19:52.374] [DEBUG] cheese - null
[2021-05-07T20:19:52.375] [DEBUG] cheese - null
[2021-05-07T20:23:42.555] [DEBUG] cheese - login => username:admin,password:123456
[2021-05-07T20:23:42.555] [DEBUG] cheese - admin
[2021-05-07T20:23:42.570] [DEBUG] cheese - null
[2021-05-07T20:23:42.570] [DEBUG] cheese - null
[2021-05-07T20:23:49.876] [DEBUG] cheese - login => username:admin,password:123456
[2021-05-07T20:23:49.876] [DEBUG] cheese - admin
[2021-05-07T20:23:49.879] [DEBUG] cheese - null
[2021-05-07T20:23:49.879] [DEBUG] cheese - null
[2021-05-07T20:44:01.589] [DEBUG] cheese - login => username:admin,password:123456
[2021-05-07T20:44:01.589] [DEBUG] cheese - admin
[2021-05-07T20:44:01.595] [DEBUG] cheese - null
[2021-05-07T20:44:01.595] [DEBUG] cheese - null
[2021-05-07T21:33:05.085] [DEBUG] cheese - login => username:admin,password:123456
[2021-05-07T21:33:05.085] [DEBUG] cheese - admin
[2021-05-07T21:33:05.090] [DEBUG] cheese - null
[2021-05-07T21:33:05.090] [DEBUG] cheese - null
[2021-05-08T08:41:15.954] [DEBUG] cheese - login => username:admin,password:123456
[2021-05-08T08:41:15.955] [DEBUG] cheese - admin
[2021-05-08T08:41:15.978] [DEBUG] cheese - null
[2021-05-08T08:41:15.978] [DEBUG] cheese - null
[2021-05-08T08:43:13.554] [DEBUG] cheese - login => username:admin,password:123456dd
[2021-05-08T08:43:13.554] [DEBUG] cheese - admin
[2021-05-08T08:43:13.556] [DEBUG] cheese - null
[2021-05-08T08:43:13.557] [DEBUG] cheese - null
[2021-05-08T08:43:17.494] [DEBUG] cheese - login => username:admin,password:123456
[2021-05-08T08:43:17.494] [DEBUG] cheese - admin
[2021-05-08T08:43:17.497] [DEBUG] cheese - null
[2021-05-08T08:43:17.497] [DEBUG] cheese - null
[2021-05-08T08:43:25.173] [DEBUG] cheese - login => username:admin,password:123456
[2021-05-08T08:43:25.173] [DEBUG] cheese - admin
[2021-05-08T08:43:25.175] [DEBUG] cheese - null
[2021-05-08T08:43:25.175] [DEBUG] cheese - null
[2021-05-08T08:43:41.830] [DEBUG] cheese - login => username:admin,password:123456
[2021-05-08T08:43:41.831] [DEBUG] cheese - admin
[2021-05-08T08:43:41.833] [DEBUG] cheese - null
[2021-05-08T08:43:41.833] [DEBUG] cheese - null
[2021-05-08T08:45:25.774] [DEBUG] cheese - login => username:admin,password:123456
[2021-05-08T08:45:25.775] [DEBUG] cheese - admin
[2021-05-08T08:45:25.777] [DEBUG] cheese - null
[2021-05-08T08:45:25.778] [DEBUG] cheese - null
[2021-05-08T08:45:36.093] [DEBUG] cheese - login => username:admin,password:123456
[2021-05-08T08:45:36.093] [DEBUG] cheese - admin
[2021-05-08T08:45:36.095] [DEBUG] cheese - null
[2021-05-08T08:45:36.095] [DEBUG] cheese - null
[2021-05-08T08:46:12.889] [DEBUG] cheese - login => username:admin,password:123456
[2021-05-08T08:46:12.889] [DEBUG] cheese - admin
[2021-05-08T08:46:12.891] [DEBUG] cheese - null
[2021-05-08T08:46:12.891] [DEBUG] cheese - null
[2021-05-08T08:51:37.149] [DEBUG] cheese - login => username:admin,password:123456
[2021-05-08T08:51:37.149] [DEBUG] cheese - admin
[2021-05-08T08:51:37.154] [DEBUG] cheese - null
[2021-05-08T08:51:37.155] [DEBUG] cheese - null
[2021-05-08T09:02:24.134] [DEBUG] cheese - login => username:admin,password:123456
[2021-05-08T09:02:24.134] [DEBUG] cheese - admin
[2021-05-08T09:02:24.137] [DEBUG] cheese - null
[2021-05-08T09:02:24.137] [DEBUG] cheese - null
[2021-05-08T11:01:45.167] [DEBUG] cheese - login => username:admin,password:123456
[2021-05-08T11:01:45.168] [DEBUG] cheese - admin
[2021-05-08T11:01:45.180] [DEBUG] cheese - null
[2021-05-08T11:01:45.181] [DEBUG] cheese - null
[2021-05-08T12:57:19.564] [DEBUG] cheese - login => username:admin,password:123456
[2021-05-08T12:57:19.565] [DEBUG] cheese - admin
[2021-05-08T12:57:19.568] [DEBUG] cheese - null
[2021-05-08T12:57:19.568] [DEBUG] cheese - null
[2021-05-08T12:57:26.300] [DEBUG] cheese - login => username:admin,password:123456
[2021-05-08T12:57:26.300] [DEBUG] cheese - admin
[2021-05-08T12:57:26.303] [DEBUG] cheese - null
[2021-05-08T12:57:26.303] [DEBUG] cheese - null
[2021-05-08T12:58:37.796] [DEBUG] cheese - login => username:admin,password:123456
[2021-05-08T12:58:37.797] [DEBUG] cheese - admin
[2021-05-08T12:58:37.799] [DEBUG] cheese - null
[2021-05-08T12:58:37.799] [DEBUG] cheese - null
[2021-05-08T13:00:35.901] [DEBUG] cheese - login => username:admin,password:123456
[2021-05-08T13:00:35.901] [DEBUG] cheese - admin
[2021-05-08T13:00:35.903] [DEBUG] cheese - null
[2021-05-08T13:00:35.903] [DEBUG] cheese - null
[2021-05-08T13:01:04.854] [DEBUG] cheese - login => username:admin,password:123456
[2021-05-08T13:01:04.854] [DEBUG] cheese - admin
[2021-05-08T13:01:04.857] [DEBUG] cheese - null
[2021-05-08T13:01:04.857] [DEBUG] cheese - null
[2021-05-08T13:01:53.059] [DEBUG] cheese - login => username:admin,password:123456
[2021-05-08T13:01:53.060] [DEBUG] cheese - admin
[2021-05-08T13:01:53.063] [DEBUG] cheese - null
[2021-05-08T13:01:53.063] [DEBUG] cheese - null
[2021-05-08T13:02:19.021] [DEBUG] cheese - login => username:admin,password:123456
[2021-05-08T13:02:19.021] [DEBUG] cheese - admin
[2021-05-08T13:02:19.023] [DEBUG] cheese - null
[2021-05-08T13:02:19.023] [DEBUG] cheese - null
[2021-05-08T17:59:37.784] [DEBUG] cheese - login => username:admin,password:123456
[2021-05-08T17:59:37.786] [DEBUG] cheese - admin
[2021-05-08T17:59:37.795] [DEBUG] cheese - null
[2021-05-08T17:59:37.796] [DEBUG] cheese - null
[2021-05-08T18:49:27.996] [DEBUG] cheese - login => username:admin,password:123456
[2021-05-08T18:49:27.997] [DEBUG] cheese - admin
[2021-05-08T18:49:27.999] [DEBUG] cheese - null
[2021-05-08T18:49:27.999] [DEBUG] cheese - null
[2021-05-08T19:42:05.496] [DEBUG] cheese - login => username:admin,password:123456
[2021-05-08T19:42:05.496] [DEBUG] cheese - admin
[2021-05-08T19:42:05.500] [DEBUG] cheese - null
[2021-05-08T19:42:05.500] [DEBUG] cheese - null
[2021-05-08T21:15:45.708] [DEBUG] cheese - login => username:admin,password:1234567
[2021-05-08T21:15:45.709] [DEBUG] cheese - admin
[2021-05-08T21:15:45.722] [DEBUG] cheese - null
[2021-05-08T21:15:45.723] [DEBUG] cheese - null
[2021-05-08T21:15:48.508] [DEBUG] cheese - login => username:admin,password:123456
[2021-05-08T21:15:48.509] [DEBUG] cheese - admin
[2021-05-08T21:15:48.512] [DEBUG] cheese - null
[2021-05-08T21:15:48.512] [DEBUG] cheese - null
[2021-05-10T20:15:08.123] [DEBUG] cheese - login => username:admin,password:123456
[2021-05-10T20:15:08.124] [DEBUG] cheese - admin
[2021-05-10T20:15:08.153] [DEBUG] cheese - null
[2021-05-10T20:15:08.154] [DEBUG] cheese - null
[2021-05-10T20:15:10.864] [DEBUG] cheese - login => username:admin,password:123456dd
[2021-05-10T20:15:10.864] [DEBUG] cheese - admin
[2021-05-10T20:15:10.868] [DEBUG] cheese - null
[2021-05-10T20:15:10.868] [DEBUG] cheese - null
[2021-05-10T20:15:13.759] [DEBUG] cheese - login => username:admin,password:123456
[2021-05-10T20:15:13.759] [DEBUG] cheese - admin
[2021-05-10T20:15:13.762] [DEBUG] cheese - null
[2021-05-10T20:15:13.762] [DEBUG] cheese - null
[2021-05-11T11:07:49.745] [DEBUG] cheese - login => username:admin,password:123456
[2021-05-11T11:07:49.746] [DEBUG] cheese - admin
[2021-05-11T11:07:49.770] [DEBUG] cheese - null
[2021-05-11T11:07:49.771] [DEBUG] cheese - null
[2021-05-11T11:08:11.704] [DEBUG] cheese - login => username:admin,password:123456
[2021-05-11T11:08:11.704] [DEBUG] cheese - admin
[2021-05-11T11:08:11.708] [DEBUG] cheese - null
[2021-05-11T11:08:11.708] [DEBUG] cheese - null
[2021-05-11T13:20:16.209] [DEBUG] cheese - login => username:admin,password:123456
[2021-05-11T13:20:16.210] [DEBUG] cheese - admin
[2021-05-11T13:20:16.220] [DEBUG] cheese - null
[2021-05-11T13:20:16.221] [DEBUG] cheese - null
[2021-05-11T13:33:08.985] [DEBUG] cheese - login => username:admin,password:123456
[2021-05-11T13:33:08.986] [DEBUG] cheese - admin
[2021-05-11T13:33:08.988] [DEBUG] cheese - null
[2021-05-11T13:33:08.988] [DEBUG] cheese - null
[2021-05-11T13:41:41.733] [DEBUG] cheese - login => username:admin,password:123456
[2021-05-11T13:41:41.733] [DEBUG] cheese - admin
[2021-05-11T13:41:41.736] [DEBUG] cheese - null
[2021-05-11T13:41:41.736] [DEBUG] cheese - null
[2021-05-11T13:41:53.947] [DEBUG] cheese - login => username:admin,password:123456
[2021-05-11T13:41:53.947] [DEBUG] cheese - admin
[2021-05-11T13:41:53.949] [DEBUG] cheese - null
[2021-05-11T13:41:53.949] [DEBUG] cheese - null
[2021-05-11T13:42:00.619] [DEBUG] cheese - login => username:admin,password:123456
[2021-05-11T13:42:00.619] [DEBUG] cheese - admin
[2021-05-11T13:42:00.621] [DEBUG] cheese - null
[2021-05-11T13:42:00.621] [DEBUG] cheese - null
[2021-05-11T13:56:50.325] [DEBUG] cheese - login => username:admin,password:123456
[2021-05-11T13:56:50.325] [DEBUG] cheese - admin
[2021-05-11T13:56:50.328] [DEBUG] cheese - null
[2021-05-11T13:56:50.328] [DEBUG] cheese - null
[2021-05-11T20:11:27.804] [DEBUG] cheese - login => username:admin,password:123456
[2021-05-11T20:11:27.805] [DEBUG] cheese - admin
[2021-05-11T20:11:27.815] [DEBUG] cheese - null
[2021-05-11T20:11:27.815] [DEBUG] cheese - null
[2021-05-12T11:58:27.995] [DEBUG] cheese - login => username:admin,password:123456
[2021-05-12T11:58:27.997] [DEBUG] cheese - admin
[2021-05-12T11:58:28.031] [DEBUG] cheese - null
[2021-05-12T11:58:28.032] [DEBUG] cheese - null
[2021-05-12T15:39:39.494] [DEBUG] cheese - null
[2021-05-12T15:42:01.850] [DEBUG] cheese - null
[2021-05-12T15:45:15.935] [DEBUG] cheese - null
[2021-05-12T15:45:19.486] [DEBUG] cheese - null
[2021-05-12T15:45:23.493] [DEBUG] cheese - null
[2021-05-12T15:45:33.479] [DEBUG] cheese - null
[2021-05-12T16:34:57.018] [DEBUG] cheese - login => username:admin,password:123456
[2021-05-12T16:34:57.019] [DEBUG] cheese - admin
[2021-05-12T16:34:57.023] [DEBUG] cheese - null
[2021-05-12T16:34:57.023] [DEBUG] cheese - null
[2021-05-12T16:40:21.713] [DEBUG] cheese - login => username:admin,password:123456
[2021-05-12T16:40:21.713] [DEBUG] cheese - admin
[2021-05-12T16:40:21.716] [DEBUG] cheese - null
[2021-05-12T16:40:21.716] [DEBUG] cheese - null
[2021-05-12T19:44:28.045] [DEBUG] cheese - null
[2021-05-12T19:44:29.393] [DEBUG] cheese - null
[2021-05-12T19:44:32.863] [DEBUG] cheese - null
[2021-05-12T19:44:35.759] [DEBUG] cheese - null
[2021-05-12T19:46:25.103] [DEBUG] cheese - login => username:admin,password:123456
[2021-05-12T19:46:25.103] [DEBUG] cheese - admin
[2021-05-12T19:46:25.109] [DEBUG] cheese - null
[2021-05-12T19:46:25.109] [DEBUG] cheese - null
[2021-05-12T20:32:53.730] [DEBUG] cheese - login => username:admin,password:123456
[2021-05-12T20:32:53.731] [DEBUG] cheese - admin
[2021-05-12T20:32:53.733] [DEBUG] cheese - null
[2021-05-12T20:32:53.733] [DEBUG] cheese - null
[2021-05-20T11:36:54.829] [DEBUG] cheese - login => username:admin,password:123456
[2021-05-20T11:36:54.830] [DEBUG] cheese - admin
[2021-05-20T11:36:54.859] [DEBUG] cheese - null
[2021-05-20T11:36:54.860] [DEBUG] cheese - null
[2021-05-20T11:39:18.097] [DEBUG] cheese - login => username:admin,password:123456
[2021-05-20T11:39:18.097] [DEBUG] cheese - admin
[2021-05-20T11:39:18.100] [DEBUG] cheese - null
[2021-05-20T11:39:18.100] [DEBUG] cheese - null
[2021-05-20T17:17:41.785] [DEBUG] cheese - login => username:admin,password:123456
[2021-05-20T17:17:41.786] [DEBUG] cheese - admin
[2021-05-20T17:17:41.797] [DEBUG] cheese - null
[2021-05-20T17:17:41.797] [DEBUG] cheese - null
[2021-05-21T17:40:19.066] [DEBUG] cheese - login => username:admin,password:123456
[2021-05-21T17:40:19.067] [DEBUG] cheese - admin
[2021-05-21T17:40:19.096] [DEBUG] cheese - null
[2021-05-21T17:40:19.096] [DEBUG] cheese - null
[2021-05-21T18:00:10.425] [DEBUG] cheese - login => username:admin,password:123456
[2021-05-21T18:00:10.425] [DEBUG] cheese - admin
[2021-05-21T18:00:10.430] [DEBUG] cheese - null
[2021-05-21T18:00:10.431] [DEBUG] cheese - null
[2021-05-21T18:47:16.251] [DEBUG] cheese - login => username:admin,password:123456
[2021-05-21T18:47:16.251] [DEBUG] cheese - admin
[2021-05-21T18:47:16.253] [DEBUG] cheese - null
[2021-05-21T18:47:16.253] [DEBUG] cheese - null
[2021-05-21T19:10:21.226] [DEBUG] cheese - login => username:admin,password:123456
[2021-05-21T19:10:21.228] [DEBUG] cheese - admin
[2021-05-21T19:10:21.235] [DEBUG] cheese - null
[2021-05-21T19:10:21.235] [DEBUG] cheese - null
[2021-05-21T21:40:05.406] [DEBUG] cheese - login => username:admin,password:123456
[2021-05-21T21:40:05.407] [DEBUG] cheese - admin
[2021-05-21T21:40:05.411] [DEBUG] cheese - null
[2021-05-21T21:40:05.411] [DEBUG] cheese - null
[2021-05-22T08:58:42.794] [DEBUG] cheese - login => username:admin,password:123456
[2021-05-22T08:58:42.796] [DEBUG] cheese - admin
[2021-05-22T08:58:42.826] [DEBUG] cheese - null
[2021-05-22T08:58:42.826] [DEBUG] cheese - null
[2021-05-22T21:57:33.869] [DEBUG] cheese - login => username:admin,password:123456
[2021-05-22T21:57:33.871] [DEBUG] cheese - admin
[2021-05-22T21:57:33.882] [DEBUG] cheese - null
[2021-05-22T21:57:33.883] [DEBUG] cheese - null
[2021-05-23T13:55:41.769] [DEBUG] cheese - login => username:admin,password:123456
[2021-05-23T13:55:41.770] [DEBUG] cheese - admin
[2021-05-23T13:55:41.805] [DEBUG] cheese - null
[2021-05-23T13:55:41.806] [DEBUG] cheese - null
[2021-05-23T14:10:09.155] [DEBUG] cheese - login => username:admin,password:123456
[2021-05-23T14:10:09.157] [DEBUG] cheese - admin
[2021-05-23T14:10:09.162] [DEBUG] cheese - null
[2021-05-23T14:10:09.162] [DEBUG] cheese - null
[2021-05-23T14:25:31.969] [DEBUG] cheese - null
[2021-05-23T14:29:49.604] [DEBUG] cheese - login => username:admin,password:123456
[2021-05-23T14:29:49.605] [DEBUG] cheese - admin
[2021-05-23T14:29:49.609] [DEBUG] cheese - null
[2021-05-23T14:29:49.609] [DEBUG] cheese - null
[2021-05-23T14:49:10.342] [DEBUG] cheese - login => username:admin,password:123456
[2021-05-23T14:49:10.342] [DEBUG] cheese - admin
[2021-05-23T14:49:10.346] [DEBUG] cheese - null
[2021-05-23T14:49:10.347] [DEBUG] cheese - null
[2021-05-23T17:21:15.218] [DEBUG] cheese - login => username:admin,password:123456
[2021-05-23T17:21:15.220] [DEBUG] cheese - admin
[2021-05-23T17:21:15.222] [DEBUG] cheese - null
[2021-05-23T17:21:15.223] [DEBUG] cheese - null
[2021-05-23T17:25:36.896] [DEBUG] cheese - login => username:admin,password:123456
[2021-05-23T17:25:36.896] [DEBUG] cheese - admin
[2021-05-23T17:25:36.899] [DEBUG] cheese - null
[2021-05-23T17:25:36.899] [DEBUG] cheese - null
[2021-05-24T11:36:46.062] [DEBUG] cheese - login => username:admin,password:123456
[2021-05-24T11:36:46.064] [DEBUG] cheese - admin
[2021-05-24T11:36:46.100] [DEBUG] cheese - null
[2021-05-24T11:36:46.101] [DEBUG] cheese - null
[2021-05-24T13:05:08.938] [DEBUG] cheese - login => username:admin,password:123456
[2021-05-24T13:05:08.940] [DEBUG] cheese - admin
[2021-05-24T13:05:08.947] [DEBUG] cheese - null
[2021-05-24T13:05:08.948] [DEBUG] cheese - null
[2021-05-24T13:15:15.177] [DEBUG] cheese - login => username:admin,password:123456
[2021-05-24T13:15:15.179] [DEBUG] cheese - admin
[2021-05-24T13:15:15.189] [DEBUG] cheese - null
[2021-05-24T13:15:15.190] [DEBUG] cheese - null
[2021-05-24T13:19:56.827] [DEBUG] cheese - login => username:admin,password:123456
[2021-05-24T13:19:56.828] [DEBUG] cheese - admin
[2021-05-24T13:19:56.832] [DEBUG] cheese - null
[2021-05-24T13:19:56.832] [DEBUG] cheese - null
[2021-05-24T16:21:03.651] [DEBUG] cheese - login => username:admin,password:123456
[2021-05-24T16:21:03.652] [DEBUG] cheese - admin
[2021-05-24T16:21:03.663] [DEBUG] cheese - null
[2021-05-24T16:21:03.663] [DEBUG] cheese - null
[2021-05-24T16:42:21.169] [DEBUG] cheese - login => username:admin,password:123456
[2021-05-24T16:42:21.171] [DEBUG] cheese - admin
[2021-05-24T16:42:21.188] [DEBUG] cheese - null
[2021-05-24T16:42:21.189] [DEBUG] cheese - null
[2021-05-24T17:06:27.153] [DEBUG] cheese - login => username:admin,password:123456
[2021-05-24T17:06:27.153] [DEBUG] cheese - admin
[2021-05-24T17:06:27.160] [DEBUG] cheese - null
[2021-05-24T17:06:27.160] [DEBUG] cheese - null
[2021-05-24T17:07:14.033] [DEBUG] cheese - login => username:admin,password:123456
[2021-05-24T17:07:14.034] [DEBUG] cheese - admin
[2021-05-24T17:07:14.036] [DEBUG] cheese - null
[2021-05-24T17:07:14.036] [DEBUG] cheese - null
[2021-05-24T17:09:04.909] [DEBUG] cheese - login => username:admin,password:123456
[2021-05-24T17:09:04.911] [DEBUG] cheese - admin
[2021-05-24T17:09:04.921] [DEBUG] cheese - null
[2021-05-24T17:09:04.922] [DEBUG] cheese - null
[2021-05-24T17:16:38.484] [DEBUG] cheese - login => username:admin,password:123456
[2021-05-24T17:16:38.486] [DEBUG] cheese - admin
[2021-05-24T17:16:38.493] [DEBUG] cheese - null
[2021-05-24T17:16:38.493] [DEBUG] cheese - null
[2021-05-24T17:19:48.614] [DEBUG] cheese - login => username:admin,password:123456
[2021-05-24T17:19:48.616] [DEBUG] cheese - admin
[2021-05-24T17:19:48.620] [DEBUG] cheese - null
[2021-05-24T17:19:48.621] [DEBUG] cheese - null
[2021-05-24T17:34:42.744] [DEBUG] cheese - login => username:admin,password:123456
[2021-05-24T17:34:42.744] [DEBUG] cheese - admin
[2021-05-24T17:34:42.747] [DEBUG] cheese - null
[2021-05-24T17:34:42.747] [DEBUG] cheese - null
[2021-05-24T17:41:24.704] [DEBUG] cheese - login => username:admin,password:123456
[2021-05-24T17:41:24.706] [DEBUG] cheese - admin
[2021-05-24T17:41:24.710] [DEBUG] cheese - null
[2021-05-24T17:41:24.710] [DEBUG] cheese - null
[2021-05-24T17:49:26.359] [DEBUG] cheese - login => username:admin,password:123456
[2021-05-24T17:49:26.361] [DEBUG] cheese - admin
[2021-05-24T17:49:26.366] [DEBUG] cheese - null
[2021-05-24T17:49:26.367] [DEBUG] cheese - null
[2021-05-24T17:50:38.311] [DEBUG] cheese - login => username:admin,password:123456
[2021-05-24T17:50:38.311] [DEBUG] cheese - admin
[2021-05-24T17:50:38.313] [DEBUG] cheese - null
[2021-05-24T17:50:38.313] [DEBUG] cheese - null
[2021-05-24T17:56:47.183] [DEBUG] cheese - login => username:admin,password:123456
[2021-05-24T17:56:47.183] [DEBUG] cheese - admin
[2021-05-24T17:56:47.185] [DEBUG] cheese - null
[2021-05-24T17:56:47.185] [DEBUG] cheese - null
[2021-05-24T17:58:21.140] [DEBUG] cheese - login => username:admin,password:123456
[2021-05-24T17:58:21.140] [DEBUG] cheese - admin
[2021-05-24T17:58:21.143] [DEBUG] cheese - null
[2021-05-24T17:58:21.143] [DEBUG] cheese - null
[2021-05-24T17:58:47.639] [DEBUG] cheese - login => username:admin,password:123456
[2021-05-24T17:58:47.639] [DEBUG] cheese - admin
[2021-05-24T17:58:47.642] [DEBUG] cheese - null
[2021-05-24T17:58:47.642] [DEBUG] cheese - null
[2021-05-24T18:27:06.113] [DEBUG] cheese - login => username:admin,password:123456
[2021-05-24T18:27:06.114] [DEBUG] cheese - admin
[2021-05-24T18:27:06.117] [DEBUG] cheese - null
[2021-05-24T18:27:06.118] [DEBUG] cheese - null
[2021-05-24T19:02:31.670] [DEBUG] cheese - login => username:admin,password:123456
[2021-05-24T19:02:31.672] [DEBUG] cheese - admin
[2021-05-24T19:02:31.678] [DEBUG] cheese - null
[2021-05-24T19:02:31.680] [DEBUG] cheese - null
[2021-05-24T19:16:44.813] [DEBUG] cheese - login => username:admin,password:123456
[2021-05-24T19:16:44.814] [DEBUG] cheese - admin
[2021-05-24T19:16:44.822] [DEBUG] cheese - null
[2021-05-24T19:16:44.822] [DEBUG] cheese - null
[2021-05-24T19:21:33.854] [DEBUG] cheese - login => username:admin,password:123456
[2021-05-24T19:21:33.854] [DEBUG] cheese - admin
[2021-05-24T19:21:33.857] [DEBUG] cheese - null
[2021-05-24T19:21:33.857] [DEBUG] cheese - null
[2021-05-24T19:42:57.755] [DEBUG] cheese - login => username:admin,password:123456
[2021-05-24T19:42:57.757] [DEBUG] cheese - admin
[2021-05-24T19:42:57.767] [DEBUG] cheese - null
[2021-05-24T19:42:57.768] [DEBUG] cheese - null
